2022-01-18 12:12:56.129 EET [22928]: db=qgisdbtest,user=postgres,app=QGIS,client=::1 LOG:  duration: 0.941 ms  statement: BEGIN READ ONLY;DECLARE qgis_131 BINARY CURSOR FOR SELECT st_asbinary("geom",'NDR'),"id","parcel_type_id"::text,"name"::text FROM "qgisdbtest"."land_parcel" WHERE "geom" && st_makeenvelope(-2947391.43547591986134648,-8187539.65020926203578711,-2947348.13972714310511947,-8187496.35446048434823751,3857) AND st_intersects(st_curvetoline("geom"),st_makeenvelope(-2947391.43547591986134648,-8187539.65020926203578711,-2947348.13972714310511947,-8187496.35446048434823751,3857))
2022-01-18 12:12:56.131 EET [22928]: db=qgisdbtest,user=postgres,app=QGIS,client=::1 LOG:  duration: 0.245 ms  statement: FETCH FORWARD 2000 FROM qgis_131
2022-01-18 12:12:56.136 EET [22928]: db=qgisdbtest,user=postgres,app=QGIS,client=::1 LOG:  duration: 0.362 ms  statement: CLOSE qgis_131;COMMIT
2022-01-18 12:12:56.152 EET [22928]: db=qgisdbtest,user=postgres,app=QGIS,client=::1 LOG:  duration: 0.327 ms  statement: BEGIN READ ONLY;DECLARE qgis_132 BINARY CURSOR FOR SELECT st_asbinary("geom",'NDR'),"id","land_parcel_id"::text,"building_type_id"::text,"name"::text,"building_year"::text FROM "qgisdbtest"."building" WHERE ("land_parcel_id" = 13)
2022-01-18 12:12:56.154 EET [22928]: db=qgisdbtest,user=postgres,app=QGIS,client=::1 LOG:  duration: 0.128 ms  statement: FETCH FORWARD 2000 FROM qgis_132
2022-01-18 12:12:56.161 EET [22928]: db=qgisdbtest,user=postgres,app=QGIS,client=::1 LOG:  duration: 0.050 ms  statement: CLOSE qgis_132;COMMIT
2022-01-18 12:12:56.165 EET [22928]: db=qgisdbtest,user=postgres,app=QGIS,client=::1 LOG:  duration: 2.041 ms  statement: BEGIN READ ONLY;DECLARE qgis_133 BINARY CURSOR FOR SELECT "id","text"::text,"land_parcel_id"::text FROM "qgisdbtest"."parcel_notes" WHERE ("land_parcel_id" = 13)
2022-01-18 12:12:56.166 EET [22928]: db=qgisdbtest,user=postgres,app=QGIS,client=::1 LOG:  duration: 0.047 ms  statement: FETCH FORWARD 2000 FROM qgis_133
2022-01-18 12:12:56.168 EET [22928]: db=qgisdbtest,user=postgres,app=QGIS,client=::1 LOG:  duration: 0.091 ms  statement: CLOSE qgis_133;COMMIT
2022-01-18 12:12:56.175 EET [22928]: db=qgisdbtest,user=postgres,app=QGIS,client=::1 LOG:  duration: 0.248 ms  statement: BEGIN READ ONLY;DECLARE qgis_134 BINARY CURSOR FOR SELECT st_asbinary("geom",'NDR'),"id","parcel_type_id"::text,"name"::text FROM "qgisdbtest"."land_parcel" WHERE "id"=13
2022-01-18 12:12:56.176 EET [22928]: db=qgisdbtest,user=postgres,app=QGIS,client=::1 LOG:  duration: 0.071 ms  statement: FETCH FORWARD 2000 FROM qgis_134
2022-01-18 12:12:56.178 EET [22928]: db=qgisdbtest,user=postgres,app=QGIS,client=::1 LOG:  duration: 0.031 ms  statement: CLOSE qgis_134;COMMIT
2022-01-18 12:12:56.245 EET [22928]: db=qgisdbtest,user=postgres,app=QGIS,client=::1 LOG:  duration: 1.707 ms  statement: BEGIN READ ONLY;DECLARE qgis_135 BINARY CURSOR FOR SELECT "id","definition"::text FROM "qgisdbtest"."parcel_type" WHERE ("id" = 3)
2022-01-18 12:12:56.246 EET [22928]: db=qgisdbtest,user=postgres,app=QGIS,client=::1 LOG:  duration: 0.103 ms  statement: FETCH FORWARD 2000 FROM qgis_135
2022-01-18 12:12:56.248 EET [22928]: db=qgisdbtest,user=postgres,app=QGIS,client=::1 LOG:  duration: 0.066 ms  statement: CLOSE qgis_135;COMMIT
2022-01-18 12:12:56.294 EET [22928]: db=qgisdbtest,user=postgres,app=QGIS,client=::1 LOG:  duration: 0.200 ms  statement: BEGIN READ ONLY;DECLARE qgis_136 BINARY CURSOR FOR SELECT "id","land_parcel_id"::text,"text"::text FROM "qgisdbtest"."parcel_notes" WHERE ("land_parcel_id" = 13)
2022-01-18 12:12:56.295 EET [22928]: db=qgisdbtest,user=postgres,app=QGIS,client=::1 LOG:  duration: 0.035 ms  statement: FETCH FORWARD 2000 FROM qgis_136
2022-01-18 12:12:56.296 EET [22928]: db=qgisdbtest,user=postgres,app=QGIS,client=::1 LOG:  duration: 0.034 ms  statement: CLOSE qgis_136;COMMIT
2022-01-18 12:12:56.300 EET [22928]: db=qgisdbtest,user=postgres,app=QGIS,client=::1 LOG:  duration: 0.174 ms  statement: BEGIN READ ONLY;DECLARE qgis_137 BINARY CURSOR FOR SELECT "id","land_parcel_id"::text,"text"::text FROM "qgisdbtest"."parcel_notes" WHERE ("land_parcel_id" = 13)
2022-01-18 12:12:56.301 EET [22928]: db=qgisdbtest,user=postgres,app=QGIS,client=::1 LOG:  duration: 0.039 ms  statement: FETCH FORWARD 2000 FROM qgis_137
2022-01-18 12:12:56.302 EET [22928]: db=qgisdbtest,user=postgres,app=QGIS,client=::1 LOG:  duration: 0.029 ms  statement: CLOSE qgis_137;COMMIT
2022-01-18 12:12:56.370 EET [22928]: db=qgisdbtest,user=postgres,app=QGIS,client=::1 LOG:  duration: 0.130 ms  statement: BEGIN READ ONLY;DECLARE qgis_138 BINARY CURSOR FOR SELECT "id","name"::text FROM "qgisdbtest"."land_parcel"
2022-01-18 12:12:56.372 EET [22928]: db=qgisdbtest,user=postgres,app=QGIS,client=::1 LOG:  duration: 0.086 ms  statement: FETCH FORWARD 2000 FROM qgis_138
2022-01-18 12:12:56.380 EET [22928]: db=qgisdbtest,user=postgres,app=QGIS,client=::1 LOG:  duration: 0.079 ms  statement: CLOSE qgis_138;COMMIT
2022-01-18 12:12:56.384 EET [22928]: db=qgisdbtest,user=postgres,app=QGIS,client=::1 LOG:  duration: 1.563 ms  statement: BEGIN READ ONLY;DECLARE qgis_139 BINARY CURSOR FOR SELECT "id","definition"::text FROM "qgisdbtest"."building_type"
2022-01-18 12:12:56.386 EET [22928]: db=qgisdbtest,user=postgres,app=QGIS,client=::1 LOG:  duration: 0.102 ms  statement: FETCH FORWARD 2000 FROM qgis_139
2022-01-18 12:12:56.389 EET [22928]: db=qgisdbtest,user=postgres,app=QGIS,client=::1 LOG:  duration: 0.093 ms  statement: CLOSE qgis_139;COMMIT
2022-01-18 12:12:56.391 EET [22928]: db=qgisdbtest,user=postgres,app=QGIS,client=::1 LOG:  duration: 0.141 ms  statement: BEGIN READ ONLY;DECLARE qgis_140 BINARY CURSOR FOR SELECT "id","name"::text FROM "qgisdbtest"."land_parcel"
2022-01-18 12:12:56.393 EET [22928]: db=qgisdbtest,user=postgres,app=QGIS,client=::1 LOG:  duration: 0.058 ms  statement: FETCH FORWARD 2000 FROM qgis_140
2022-01-18 12:12:56.401 EET [22928]: db=qgisdbtest,user=postgres,app=QGIS,client=::1 LOG:  duration: 0.091 ms  statement: CLOSE qgis_140;COMMIT
2022-01-18 12:12:56.403 EET [22928]: db=qgisdbtest,user=postgres,app=QGIS,client=::1 LOG:  duration: 0.177 ms  statement: BEGIN READ ONLY;DECLARE qgis_141 BINARY CURSOR FOR SELECT "id","definition"::text FROM "qgisdbtest"."building_type"
2022-01-18 12:12:56.406 EET [22928]: db=qgisdbtest,user=postgres,app=QGIS,client=::1 LOG:  duration: 0.069 ms  statement: FETCH FORWARD 2000 FROM qgis_141
2022-01-18 12:12:56.409 EET [22928]: db=qgisdbtest,user=postgres,app=QGIS,client=::1 LOG:  duration: 0.044 ms  statement: CLOSE qgis_141;COMMIT
2022-01-18 12:12:56.411 EET [22928]: db=qgisdbtest,user=postgres,app=QGIS,client=::1 LOG:  duration: 0.157 ms  statement: BEGIN READ ONLY;DECLARE qgis_142 BINARY CURSOR FOR SELECT "id","name"::text FROM "qgisdbtest"."land_parcel"
2022-01-18 12:12:56.413 EET [22928]: db=qgisdbtest,user=postgres,app=QGIS,client=::1 LOG:  duration: 0.090 ms  statement: FETCH FORWARD 2000 FROM qgis_142
2022-01-18 12:12:56.421 EET [22928]: db=qgisdbtest,user=postgres,app=QGIS,client=::1 LOG:  duration: 0.097 ms  statement: CLOSE qgis_142;COMMIT
2022-01-18 12:12:56.424 EET [22928]: db=qgisdbtest,user=postgres,app=QGIS,client=::1 LOG:  duration: 0.214 ms  statement: BEGIN READ ONLY;DECLARE qgis_143 BINARY CURSOR FOR SELECT "id","definition"::text FROM "qgisdbtest"."building_type"
2022-01-18 12:12:56.427 EET [22928]: db=qgisdbtest,user=postgres,app=QGIS,client=::1 LOG:  duration: 0.063 ms  statement: FETCH FORWARD 2000 FROM qgis_143
2022-01-18 12:12:56.431 EET [22928]: db=qgisdbtest,user=postgres,app=QGIS,client=::1 LOG:  duration: 0.064 ms  statement: CLOSE qgis_143;COMMIT
2022-01-18 12:12:56.434 EET [22928]: db=qgisdbtest,user=postgres,app=QGIS,client=::1 LOG:  duration: 0.214 ms  statement: BEGIN READ ONLY;DECLARE qgis_144 BINARY CURSOR FOR SELECT st_asbinary("geom",'NDR'),"id","building_year"::text,"name"::text,"building_type_id"::text,"land_parcel_id"::text FROM "qgisdbtest"."building" WHERE ("land_parcel_id" = 13)
2022-01-18 12:12:56.435 EET [22928]: db=qgisdbtest,user=postgres,app=QGIS,client=::1 LOG:  duration: 0.100 ms  statement: FETCH FORWARD 2000 FROM qgis_144
2022-01-18 12:12:56.438 EET [22928]: db=qgisdbtest,user=postgres,app=QGIS,client=::1 LOG:  duration: 0.067 ms  statement: CLOSE qgis_144;COMMIT
2022-01-18 12:12:56.446 EET [22928]: db=qgisdbtest,user=postgres,app=QGIS,client=::1 LOG:  duration: 0.223 ms  statement: BEGIN READ ONLY;DECLARE qgis_145 BINARY CURSOR FOR SELECT st_asbinary("geom",'NDR'),"id","building_year"::text,"name"::text,"building_type_id"::text,"land_parcel_id"::text FROM "qgisdbtest"."building" WHERE ("land_parcel_id" = 13)
2022-01-18 12:12:56.447 EET [22928]: db=qgisdbtest,user=postgres,app=QGIS,client=::1 LOG:  duration: 0.084 ms  statement: FETCH FORWARD 2000 FROM qgis_145
2022-01-18 12:12:56.450 EET [22928]: db=qgisdbtest,user=postgres,app=QGIS,client=::1 LOG:  duration: 0.078 ms  statement: CLOSE qgis_145;COMMIT
2022-01-18 12:12:56.495 EET [22928]: db=qgisdbtest,user=postgres,app=QGIS,client=::1 LOG:  duration: 0.289 ms  statement: BEGIN READ ONLY;DECLARE qgis_146 BINARY CURSOR FOR SELECT st_asbinary("geom",'NDR'),"id","parcel_type_id"::text,"name"::text FROM "qgisdbtest"."land_parcel" WHERE ("id" = 13)
2022-01-18 12:12:56.496 EET [22928]: db=qgisdbtest,user=postgres,app=QGIS,client=::1 LOG:  duration: 0.094 ms  statement: FETCH FORWARD 2000 FROM qgis_146
2022-01-18 12:12:56.497 EET [22928]: db=qgisdbtest,user=postgres,app=QGIS,client=::1 LOG:  duration: 0.053 ms  statement: CLOSE qgis_146;COMMIT
2022-01-18 12:12:56.500 EET [22928]: db=qgisdbtest,user=postgres,app=QGIS,client=::1 LOG:  duration: 0.167 ms  statement: BEGIN READ ONLY;DECLARE qgis_147 BINARY CURSOR FOR SELECT "id","definition"::text FROM "qgisdbtest"."building_type" WHERE ("id" = 1)
2022-01-18 12:12:56.501 EET [22928]: db=qgisdbtest,user=postgres,app=QGIS,client=::1 LOG:  duration: 0.112 ms  statement: FETCH FORWARD 2000 FROM qgis_147
2022-01-18 12:12:56.503 EET [22928]: db=qgisdbtest,user=postgres,app=QGIS,client=::1 LOG:  duration: 0.072 ms  statement: CLOSE qgis_147;COMMIT
2022-01-18 12:12:56.558 EET [22928]: db=qgisdbtest,user=postgres,app=QGIS,client=::1 LOG:  duration: 2.269 ms  statement: BEGIN READ ONLY;DECLARE qgis_148 BINARY CURSOR FOR SELECT "id","building_id"::text,"text"::text FROM "qgisdbtest"."building_notes" WHERE ("building_id" = 2)
2022-01-18 12:12:56.559 EET [22928]: db=qgisdbtest,user=postgres,app=QGIS,client=::1 LOG:  duration: 0.077 ms  statement: FETCH FORWARD 2000 FROM qgis_148
2022-01-18 12:12:56.560 EET [22928]: db=qgisdbtest,user=postgres,app=QGIS,client=::1 LOG:  duration: 0.036 ms  statement: CLOSE qgis_148;COMMIT
2022-01-18 12:12:56.564 EET [22928]: db=qgisdbtest,user=postgres,app=QGIS,client=::1 LOG:  duration: 0.161 ms  statement: BEGIN READ ONLY;DECLARE qgis_149 BINARY CURSOR FOR SELECT "id","building_id"::text,"text"::text FROM "qgisdbtest"."building_notes" WHERE ("building_id" = 2)
2022-01-18 12:12:56.565 EET [22928]: db=qgisdbtest,user=postgres,app=QGIS,client=::1 LOG:  duration: 0.036 ms  statement: FETCH FORWARD 2000 FROM qgis_149
2022-01-18 12:12:56.566 EET [22928]: db=qgisdbtest,user=postgres,app=QGIS,client=::1 LOG:  duration: 0.048 ms  statement: CLOSE qgis_149;COMMIT
2022-01-18 12:12:56.580 EET [22928]: db=qgisdbtest,user=postgres,app=QGIS,client=::1 LOG:  duration: 1.669 ms  statement: BEGIN READ ONLY;DECLARE qgis_150 BINARY CURSOR FOR SELECT "id_contact"::text,"id_building"::text FROM "qgisdbtest"."building_owners" WHERE ("id_building" = 2)
2022-01-18 12:12:56.581 EET [22928]: db=qgisdbtest,user=postgres,app=QGIS,client=::1 LOG:  duration: 0.149 ms  statement: FETCH FORWARD 2000 FROM qgis_150
2022-01-18 12:12:56.584 EET [22928]: db=qgisdbtest,user=postgres,app=QGIS,client=::1 LOG:  duration: 0.054 ms  statement: CLOSE qgis_150;COMMIT
2022-01-18 12:12:56.593 EET [22928]: db=qgisdbtest,user=postgres,app=QGIS,client=::1 LOG:  duration: 3.674 ms  statement: BEGIN READ ONLY;DECLARE qgis_151 BINARY CURSOR FOR SELECT "id","name"::text FROM "qgisdbtest"."contact" WHERE (("id" = 2) OR ("id" = 3))
2022-01-18 12:12:56.594 EET [22928]: db=qgisdbtest,user=postgres,app=QGIS,client=::1 LOG:  duration: 0.144 ms  statement: FETCH FORWARD 2000 FROM qgis_151
2022-01-18 12:12:56.597 EET [22928]: db=qgisdbtest,user=postgres,app=QGIS,client=::1 LOG:  duration: 0.066 ms  statement: CLOSE qgis_151;COMMIT
2022-01-18 12:12:56.602 EET [22928]: db=qgisdbtest,user=postgres,app=QGIS,client=::1 LOG:  duration: 0.211 ms  statement: BEGIN READ ONLY;DECLARE qgis_152 BINARY CURSOR FOR SELECT "id","name"::text FROM "qgisdbtest"."contact" WHERE (("id" = 2) OR ("id" = 3))
2022-01-18 12:12:56.603 EET [22928]: db=qgisdbtest,user=postgres,app=QGIS,client=::1 LOG:  duration: 0.048 ms  statement: FETCH FORWARD 2000 FROM qgis_152
2022-01-18 12:12:56.605 EET [22928]: db=qgisdbtest,user=postgres,app=QGIS,client=::1 LOG:  duration: 0.043 ms  statement: CLOSE qgis_152;COMMIT
2022-01-18 12:12:56.730 EET [22928]: db=qgisdbtest,user=postgres,app=QGIS,client=::1 LOG:  duration: 1.015 ms  statement: BEGIN READ ONLY;DECLARE qgis_153 BINARY CURSOR FOR SELECT "id","definition"::text FROM "qgisdbtest"."parcel_type" LIMIT 100
2022-01-18 12:12:56.735 EET [22928]: db=qgisdbtest,user=postgres,app=QGIS,client=::1 LOG:  duration: 0.427 ms  statement: FETCH FORWARD 2000 FROM qgis_153
2022-01-18 12:12:56.742 EET [22928]: db=qgisdbtest,user=postgres,app=QGIS,client=::1 LOG:  duration: 0.150 ms  statement: CLOSE qgis_153;COMMIT
2022-01-18 12:12:56.749 EET [22928]: db=qgisdbtest,user=postgres,app=QGIS,client=::1 LOG:  duration: 1.271 ms  statement: BEGIN READ ONLY;DECLARE qgis_154 BINARY CURSOR FOR SELECT "id","definition"::text FROM "qgisdbtest"."building_type" WHERE ("id" = 1) LIMIT 100
2022-01-18 12:12:56.754 EET [22928]: db=qgisdbtest,user=postgres,app=QGIS,client=::1 LOG:  duration: 0.141 ms  statement: FETCH FORWARD 2000 FROM qgis_154
2022-01-18 12:12:56.757 EET [22928]: db=qgisdbtest,user=postgres,app=QGIS,client=::1 LOG:  duration: 0.095 ms  statement: CLOSE qgis_154;COMMIT
2022-01-18 12:12:56.760 EET [22928]: db=qgisdbtest,user=postgres,app=QGIS,client=::1 LOG:  duration: 0.306 ms  statement: BEGIN READ ONLY;DECLARE qgis_155 BINARY CURSOR FOR SELECT "id","parcel_type_id"::text,"name"::text FROM "qgisdbtest"."land_parcel" WHERE ("id" = 13) LIMIT 100
2022-01-18 12:12:56.762 EET [22928]: db=qgisdbtest,user=postgres,app=QGIS,client=::1 LOG:  duration: 0.115 ms  statement: FETCH FORWARD 2000 FROM qgis_155
2022-01-18 12:12:56.766 EET [22928]: db=qgisdbtest,user=postgres,app=QGIS,client=::1 LOG:  duration: 0.177 ms  statement: CLOSE qgis_155;COMMIT
2022-01-18 12:12:56.792 EET [17104]: db=[unknown],user=[unknown],app=[unknown],client=::1 LOG:  connection received: host=::1 port=54255
2022-01-18 12:12:56.800 EET [6332]: db=[unknown],user=[unknown],app=[unknown],client=::1 LOG:  connection received: host=::1 port=54256
2022-01-18 12:12:56.801 EET [24496]: db=[unknown],user=[unknown],app=[unknown],client=::1 LOG:  connection received: host=::1 port=54257
2022-01-18 12:12:56.805 EET [17104]: db=qgisdbtest,user=postgres,app=[unknown],client=::1 LOG:  connection authorized: user=postgres database=qgisdbtest
2022-01-18 12:12:56.810 EET [6332]: db=qgisdbtest,user=postgres,app=[unknown],client=::1 LOG:  connection authorized: user=postgres database=qgisdbtest
2022-01-18 12:12:56.811 EET [24496]: db=qgisdbtest,user=postgres,app=[unknown],client=::1 LOG:  connection authorized: user=postgres database=qgisdbtest
2022-01-18 12:12:56.812 EET [17104]: db=qgisdbtest,user=postgres,app=[unknown],client=::1 LOG:  duration: 0.692 ms  statement: SELECT regclass('pg_class')::oid AS oidselect;BEGIN;DECLARE oidcursor BINARY CURSOR FOR SELECT regclass('pg_class')::oid AS oidbinarycursor;FETCH FORWARD 1 FROM oidcursor;CLOSE oidcursor;COMMIT;
2022-01-18 12:12:56.818 EET [24496]: db=qgisdbtest,user=postgres,app=[unknown],client=::1 LOG:  duration: 0.530 ms  statement: SELECT regclass('pg_class')::oid AS oidselect;BEGIN;DECLARE oidcursor BINARY CURSOR FOR SELECT regclass('pg_class')::oid AS oidbinarycursor;FETCH FORWARD 1 FROM oidcursor;CLOSE oidcursor;COMMIT;
2022-01-18 12:12:56.818 EET [6332]: db=qgisdbtest,user=postgres,app=[unknown],client=::1 LOG:  duration: 0.817 ms  statement: SELECT regclass('pg_class')::oid AS oidselect;BEGIN;DECLARE oidcursor BINARY CURSOR FOR SELECT regclass('pg_class')::oid AS oidbinarycursor;FETCH FORWARD 1 FROM oidcursor;CLOSE oidcursor;COMMIT;
2022-01-18 12:12:56.830 EET [17104]: db=qgisdbtest,user=postgres,app=[unknown],client=::1 LOG:  duration: 15.043 ms  statement: SELECT postgis_version()
2022-01-18 12:12:56.833 EET [24496]: db=qgisdbtest,user=postgres,app=[unknown],client=::1 LOG:  duration: 12.543 ms  statement: SELECT postgis_version()
2022-01-18 12:12:56.834 EET [6332]: db=qgisdbtest,user=postgres,app=[unknown],client=::1 LOG:  duration: 13.525 ms  statement: SELECT postgis_version()
2022-01-18 12:12:56.835 EET [17104]: db=qgisdbtest,user=postgres,app=[unknown],client=::1 LOG:  duration: 4.002 ms  statement: SELECT postgis_geos_version(), postgis_proj_version()
2022-01-18 12:12:56.840 EET [24496]: db=qgisdbtest,user=postgres,app=[unknown],client=::1 LOG:  duration: 4.405 ms  statement: SELECT postgis_geos_version(), postgis_proj_version()
2022-01-18 12:12:56.840 EET [6332]: db=qgisdbtest,user=postgres,app=[unknown],client=::1 LOG:  duration: 4.106 ms  statement: SELECT postgis_geos_version(), postgis_proj_version()
2022-01-18 12:12:56.845 EET [17104]: db=qgisdbtest,user=postgres,app=[unknown],client=::1 LOG:  duration: 7.408 ms  statement: SELECT has_schema_privilege(n.oid, 'usage') AND has_table_privilege(t.oid, 'select') AND has_table_privilege(l.oid, 'select') FROM pg_namespace n, pg_class t, pg_class l WHERE n.nspname = 'topology' AND t.relnamespace = n.oid AND l.relnamespace = n.oid AND t.relname = 'topology' AND l.relname = 'layer'
2022-01-18 12:12:56.848 EET [6332]: db=qgisdbtest,user=postgres,app=[unknown],client=::1 LOG:  duration: 5.755 ms  statement: SELECT has_schema_privilege(n.oid, 'usage') AND has_table_privilege(t.oid, 'select') AND has_table_privilege(l.oid, 'select') FROM pg_namespace n, pg_class t, pg_class l WHERE n.nspname = 'topology' AND t.relnamespace = n.oid AND l.relnamespace = n.oid AND t.relname = 'topology' AND l.relname = 'layer'
2022-01-18 12:12:56.849 EET [24496]: db=qgisdbtest,user=postgres,app=[unknown],client=::1 LOG:  duration: 6.981 ms  statement: SELECT has_schema_privilege(n.oid, 'usage') AND has_table_privilege(t.oid, 'select') AND has_table_privilege(l.oid, 'select') FROM pg_namespace n, pg_class t, pg_class l WHERE n.nspname = 'topology' AND t.relnamespace = n.oid AND l.relnamespace = n.oid AND t.relname = 'topology' AND l.relname = 'layer'
2022-01-18 12:12:56.850 EET [17104]: db=qgisdbtest,user=postgres,app=[unknown],client=::1 LOG:  duration: 3.385 ms  statement: SELECT has_table_privilege(c.oid, 'select') AND has_table_privilege(f.oid, 'select') FROM pg_class c, pg_class f, pg_namespace n, pg_extension e WHERE c.relnamespace = n.oid AND c.relname = 'pointcloud_columns' AND f.relnamespace = n.oid AND f.relname = 'pointcloud_formats' AND n.oid = e.extnamespace AND e.extname = 'pointcloud'
2022-01-18 12:12:56.855 EET [6332]: db=qgisdbtest,user=postgres,app=[unknown],client=::1 LOG:  duration: 5.393 ms  statement: SELECT has_table_privilege(c.oid, 'select') AND has_table_privilege(f.oid, 'select') FROM pg_class c, pg_class f, pg_namespace n, pg_extension e WHERE c.relnamespace = n.oid AND c.relname = 'pointcloud_columns' AND f.relnamespace = n.oid AND f.relname = 'pointcloud_formats' AND n.oid = e.extnamespace AND e.extname = 'pointcloud'
2022-01-18 12:12:56.857 EET [17104]: db=qgisdbtest,user=postgres,app=[unknown],client=::1 LOG:  duration: 3.203 ms  statement: SELECT has_table_privilege(c.oid, 'select') FROM pg_class c, pg_namespace n, pg_type t WHERE c.relnamespace = n.oid AND n.oid = t.typnamespace AND c.relname = 'raster_columns' AND t.typname = 'raster'
2022-01-18 12:12:56.856 EET [24496]: db=qgisdbtest,user=postgres,app=[unknown],client=::1 LOG:  duration: 5.519 ms  statement: SELECT has_table_privilege(c.oid, 'select') AND has_table_privilege(f.oid, 'select') FROM pg_class c, pg_class f, pg_namespace n, pg_extension e WHERE c.relnamespace = n.oid AND c.relname = 'pointcloud_columns' AND f.relnamespace = n.oid AND f.relname = 'pointcloud_formats' AND n.oid = e.extnamespace AND e.extname = 'pointcloud'
2022-01-18 12:12:56.859 EET [17104]: db=qgisdbtest,user=postgres,app=QGIS,client=::1 LOG:  duration: 0.105 ms  statement: SET application_name='QGIS'
2022-01-18 12:12:56.860 EET [17104]: db=qgisdbtest,user=postgres,app=QGIS,client=::1 LOG:  duration: 0.067 ms  statement: SET extra_float_digits=3
2022-01-18 12:12:56.861 EET [6332]: db=qgisdbtest,user=postgres,app=[unknown],client=::1 LOG:  duration: 3.762 ms  statement: SELECT has_table_privilege(c.oid, 'select') FROM pg_class c, pg_namespace n, pg_type t WHERE c.relnamespace = n.oid AND n.oid = t.typnamespace AND c.relname = 'raster_columns' AND t.typname = 'raster'
2022-01-18 12:12:56.862 EET [24496]: db=qgisdbtest,user=postgres,app=[unknown],client=::1 LOG:  duration: 3.077 ms  statement: SELECT has_table_privilege(c.oid, 'select') FROM pg_class c, pg_namespace n, pg_type t WHERE c.relnamespace = n.oid AND n.oid = t.typnamespace AND c.relname = 'raster_columns' AND t.typname = 'raster'
2022-01-18 12:12:56.863 EET [6332]: db=qgisdbtest,user=postgres,app=QGIS,client=::1 LOG:  duration: 0.045 ms  statement: SET application_name='QGIS'
2022-01-18 12:12:56.863 EET [24496]: db=qgisdbtest,user=postgres,app=QGIS,client=::1 LOG:  duration: 0.058 ms  statement: SET application_name='QGIS'
2022-01-18 12:12:56.864 EET [6332]: db=qgisdbtest,user=postgres,app=QGIS,client=::1 LOG:  duration: 0.040 ms  statement: SET extra_float_digits=3
2022-01-18 12:12:56.864 EET [17104]: db=qgisdbtest,user=postgres,app=QGIS,client=::1 LOG:  duration: 1.929 ms  statement: BEGIN READ ONLY;DECLARE qgis_1 BINARY CURSOR FOR SELECT "id","definition"::text FROM "qgisdbtest"."parcel_type" WHERE ("id" = 3) LIMIT 100
2022-01-18 12:12:56.864 EET [24496]: db=qgisdbtest,user=postgres,app=QGIS,client=::1 LOG:  duration: 0.054 ms  statement: SET extra_float_digits=3
2022-01-18 12:12:56.865 EET [17104]: db=qgisdbtest,user=postgres,app=QGIS,client=::1 LOG:  duration: 0.076 ms  statement: FETCH FORWARD 2000 FROM qgis_1
2022-01-18 12:12:56.867 EET [17104]: db=qgisdbtest,user=postgres,app=QGIS,client=::1 LOG:  duration: 0.064 ms  statement: CLOSE qgis_1;COMMIT
2022-01-18 12:12:56.868 EET [6332]: db=qgisdbtest,user=postgres,app=QGIS,client=::1 LOG:  duration: 2.043 ms  statement: BEGIN READ ONLY;DECLARE qgis_1 BINARY CURSOR FOR SELECT "id","parcel_type_id"::text,"name"::text FROM "qgisdbtest"."land_parcel" LIMIT 100
2022-01-18 12:12:56.868 EET [24496]: db=qgisdbtest,user=postgres,app=QGIS,client=::1 LOG:  duration: 1.743 ms  statement: BEGIN READ ONLY;DECLARE qgis_1 BINARY CURSOR FOR SELECT "id","definition"::text FROM "qgisdbtest"."building_type" LIMIT 100
2022-01-18 12:12:56.869 EET [24496]: db=qgisdbtest,user=postgres,app=QGIS,client=::1 LOG:  duration: 0.047 ms  statement: FETCH FORWARD 2000 FROM qgis_1
2022-01-18 12:12:56.869 EET [6332]: db=qgisdbtest,user=postgres,app=QGIS,client=::1 LOG:  duration: 0.090 ms  statement: FETCH FORWARD 2000 FROM qgis_1
2022-01-18 12:12:56.873 EET [24496]: db=qgisdbtest,user=postgres,app=QGIS,client=::1 LOG:  duration: 0.045 ms  statement: CLOSE qgis_1;COMMIT
2022-01-18 12:12:56.877 EET [6332]: db=qgisdbtest,user=postgres,app=QGIS,client=::1 LOG:  duration: 0.041 ms  statement: CLOSE qgis_1;COMMIT
2022-01-18 12:12:56.919 EET [6332]: db=qgisdbtest,user=postgres,app=QGIS,client=::1 LOG:  duration: 0.827 ms  statement: BEGIN READ ONLY;DECLARE qgis_2 BINARY CURSOR FOR SELECT st_asbinary("geom",'NDR'),"id","name"::text,"parcel_type_id"::text FROM "qgisdbtest"."land_parcel" WHERE "geom" && st_makeenvelope(-2949771.58919844683259726,-8189768.9753736350685358,-2944467.76977378036826849,-8186267.46175778284668922,3857)
2022-01-18 12:12:56.921 EET [6332]: db=qgisdbtest,user=postgres,app=QGIS,client=::1 LOG:  duration: 0.121 ms  statement: FETCH FORWARD 2000 FROM qgis_2
2022-01-18 12:12:56.960 EET [24496]: db=qgisdbtest,user=postgres,app=QGIS,client=::1 LOG:  duration: 0.349 ms  statement: BEGIN READ ONLY;DECLARE qgis_2 BINARY CURSOR FOR SELECT "id","definition"::text FROM "qgisdbtest"."building_type" WHERE ("id" = 1)
2022-01-18 12:12:56.961 EET [24496]: db=qgisdbtest,user=postgres,app=QGIS,client=::1 LOG:  duration: 0.101 ms  statement: FETCH FORWARD 2000 FROM qgis_2
2022-01-18 12:12:56.963 EET [24496]: db=qgisdbtest,user=postgres,app=QGIS,client=::1 LOG:  duration: 0.061 ms  statement: CLOSE qgis_2;COMMIT
2022-01-18 12:12:56.968 EET [6332]: db=qgisdbtest,user=postgres,app=QGIS,client=::1 LOG:  duration: 0.045 ms  statement: CLOSE qgis_2;COMMIT
2022-01-18 12:12:56.969 EET [24496]: db=qgisdbtest,user=postgres,app=QGIS,client=::1 LOG:  duration: 2.389 ms  statement: BEGIN READ ONLY;DECLARE qgis_3 BINARY CURSOR FOR SELECT st_asbinary("geom",'NDR'),"id","parcel_type_id"::text,"name"::text FROM "qgisdbtest"."land_parcel" WHERE ("id" = 13)
2022-01-18 12:12:56.970 EET [24496]: db=qgisdbtest,user=postgres,app=QGIS,client=::1 LOG:  duration: 0.092 ms  statement: FETCH FORWARD 2000 FROM qgis_3
2022-01-18 12:12:56.972 EET [24496]: db=qgisdbtest,user=postgres,app=QGIS,client=::1 LOG:  duration: 0.063 ms  statement: CLOSE qgis_3;COMMIT
2022-01-18 12:12:56.979 EET [24496]: db=qgisdbtest,user=postgres,app=QGIS,client=::1 LOG:  duration: 2.680 ms  statement: BEGIN READ ONLY;DECLARE qgis_4 BINARY CURSOR FOR SELECT "id","definition"::text FROM "qgisdbtest"."parcel_type" WHERE ("id" = 3)
2022-01-18 12:12:56.982 EET [24496]: db=qgisdbtest,user=postgres,app=QGIS,client=::1 LOG:  duration: 0.199 ms  statement: FETCH FORWARD 2000 FROM qgis_4
2022-01-18 12:12:56.984 EET [24496]: db=qgisdbtest,user=postgres,app=QGIS,client=::1 LOG:  duration: 0.068 ms  statement: CLOSE qgis_4;COMMIT
2022-01-18 12:12:57.139 EET [24496]: db=qgisdbtest,user=postgres,app=QGIS,client=::1 LOG:  duration: 2.280 ms  statement: BEGIN READ ONLY;DECLARE qgis_5 BINARY CURSOR FOR SELECT "id","definition"::text FROM "qgisdbtest"."building_type" LIMIT 100
2022-01-18 12:12:57.141 EET [24496]: db=qgisdbtest,user=postgres,app=QGIS,client=::1 LOG:  duration: 0.184 ms  statement: FETCH FORWARD 2000 FROM qgis_5
2022-01-18 12:12:57.148 EET [6332]: db=qgisdbtest,user=postgres,app=QGIS,client=::1 LOG:  duration: 8.549 ms  statement: BEGIN READ ONLY;DECLARE qgis_3 BINARY CURSOR FOR SELECT "id","definition"::text FROM "qgisdbtest"."parcel_type" LIMIT 100
2022-01-18 12:12:57.155 EET [6332]: db=qgisdbtest,user=postgres,app=QGIS,client=::1 LOG:  duration: 0.434 ms  statement: FETCH FORWARD 2000 FROM qgis_3
2022-01-18 12:12:57.157 EET [24496]: db=qgisdbtest,user=postgres,app=QGIS,client=::1 LOG:  duration: 0.317 ms  statement: CLOSE qgis_5;COMMIT
2022-01-18 12:12:57.160 EET [17104]: db=qgisdbtest,user=postgres,app=QGIS,client=::1 LOG:  duration: 17.484 ms  statement: BEGIN READ ONLY;DECLARE qgis_2 BINARY CURSOR FOR SELECT "id","parcel_type_id"::text,"name"::text FROM "qgisdbtest"."land_parcel" LIMIT 100
2022-01-18 12:12:57.169 EET [6332]: db=qgisdbtest,user=postgres,app=QGIS,client=::1 LOG:  duration: 0.132 ms  statement: CLOSE qgis_3;COMMIT
2022-01-18 12:12:57.169 EET [17104]: db=qgisdbtest,user=postgres,app=QGIS,client=::1 LOG:  duration: 0.474 ms  statement: FETCH FORWARD 2000 FROM qgis_2
2022-01-18 12:12:57.191 EET [17104]: db=qgisdbtest,user=postgres,app=QGIS,client=::1 LOG:  duration: 0.328 ms  statement: CLOSE qgis_2;COMMIT
2022-01-18 12:12:57.560 EET [17104]: db=qgisdbtest,user=postgres,app=QGIS,client=::1 LOG:  duration: 0.602 ms  statement: BEGIN READ ONLY;DECLARE qgis_3 BINARY CURSOR FOR SELECT st_asbinary("geom",'NDR'),"id","parcel_type_id"::text FROM "qgisdbtest"."land_parcel" WHERE "geom" && st_makeenvelope(-2955075.40862311329692602,-8186267.46175778284668922,-2949771.58919844683259726,-8182765.94814193062484264,3857)
2022-01-18 12:12:57.561 EET [17104]: db=qgisdbtest,user=postgres,app=QGIS,client=::1 LOG:  duration: 0.044 ms  statement: FETCH FORWARD 2000 FROM qgis_3
2022-01-18 12:12:57.562 EET [17104]: db=qgisdbtest,user=postgres,app=QGIS,client=::1 LOG:  duration: 0.056 ms  statement: CLOSE qgis_3;COMMIT
2022-01-18 12:12:57.568 EET [17104]: db=qgisdbtest,user=postgres,app=QGIS,client=::1 LOG:  duration: 2.896 ms  statement: BEGIN READ ONLY;DECLARE qgis_4 BINARY CURSOR FOR SELECT st_asbinary("geom",'NDR'),"id","building_type_id"::text FROM "qgisdbtest"."building" WHERE "geom" && st_makeenvelope(-2955075.40862311329692602,-8186267.46175778284668922,-2949771.58919844683259726,-8182765.94814193062484264,3857)
2022-01-18 12:12:57.568 EET [17104]: db=qgisdbtest,user=postgres,app=QGIS,client=::1 LOG:  duration: 0.056 ms  statement: FETCH FORWARD 2000 FROM qgis_4
2022-01-18 12:12:57.570 EET [17104]: db=qgisdbtest,user=postgres,app=QGIS,client=::1 LOG:  duration: 0.034 ms  statement: CLOSE qgis_4;COMMIT
2022-01-18 12:12:57.621 EET [17104]: db=qgisdbtest,user=postgres,app=QGIS,client=::1 LOG:  duration: 0.404 ms  statement: BEGIN READ ONLY;DECLARE qgis_5 BINARY CURSOR FOR SELECT st_asbinary("geom",'NDR'),"id","parcel_type_id"::text FROM "qgisdbtest"."land_parcel" WHERE "geom" && st_makeenvelope(-2949771.58919844683259726,-8186267.46175778284668922,-2944467.76977378036826849,-8182765.94814193062484264,3857)
2022-01-18 12:12:57.623 EET [17104]: db=qgisdbtest,user=postgres,app=QGIS,client=::1 LOG:  duration: 0.127 ms  statement: FETCH FORWARD 2000 FROM qgis_5
2022-01-18 12:12:57.625 EET [17104]: db=qgisdbtest,user=postgres,app=QGIS,client=::1 LOG:  duration: 0.068 ms  statement: CLOSE qgis_5;COMMIT
2022-01-18 12:12:57.628 EET [17104]: db=qgisdbtest,user=postgres,app=QGIS,client=::1 LOG:  duration: 0.393 ms  statement: BEGIN READ ONLY;DECLARE qgis_6 BINARY CURSOR FOR SELECT st_asbinary("geom",'NDR'),"id","building_type_id"::text FROM "qgisdbtest"."building" WHERE "geom" && st_makeenvelope(-2949771.58919844683259726,-8186267.46175778284668922,-2944467.76977378036826849,-8182765.94814193062484264,3857)
2022-01-18 12:12:57.629 EET [17104]: db=qgisdbtest,user=postgres,app=QGIS,client=::1 LOG:  duration: 0.071 ms  statement: FETCH FORWARD 2000 FROM qgis_6
2022-01-18 12:12:57.631 EET [17104]: db=qgisdbtest,user=postgres,app=QGIS,client=::1 LOG:  duration: 0.061 ms  statement: CLOSE qgis_6;COMMIT
2022-01-18 12:12:57.757 EET [17104]: db=qgisdbtest,user=postgres,app=QGIS,client=::1 LOG:  duration: 0.551 ms  statement: BEGIN READ ONLY;DECLARE qgis_7 BINARY CURSOR FOR SELECT st_asbinary("geom",'NDR'),"id","parcel_type_id"::text FROM "qgisdbtest"."land_parcel" WHERE "geom" && st_makeenvelope(-2944467.76977378036826849,-8186267.46175778284668922,-2939163.95034911390393972,-8182765.94814193062484264,3857)
2022-01-18 12:12:57.759 EET [17104]: db=qgisdbtest,user=postgres,app=QGIS,client=::1 LOG:  duration: 0.158 ms  statement: FETCH FORWARD 2000 FROM qgis_7
2022-01-18 12:12:57.761 EET [17104]: db=qgisdbtest,user=postgres,app=QGIS,client=::1 LOG:  duration: 0.097 ms  statement: CLOSE qgis_7;COMMIT
2022-01-18 12:12:57.764 EET [17104]: db=qgisdbtest,user=postgres,app=QGIS,client=::1 LOG:  duration: 0.322 ms  statement: BEGIN READ ONLY;DECLARE qgis_8 BINARY CURSOR FOR SELECT st_asbinary("geom",'NDR'),"id","building_type_id"::text FROM "qgisdbtest"."building" WHERE "geom" && st_makeenvelope(-2944467.76977378036826849,-8186267.46175778284668922,-2939163.95034911390393972,-8182765.94814193062484264,3857)
2022-01-18 12:12:57.766 EET [17104]: db=qgisdbtest,user=postgres,app=QGIS,client=::1 LOG:  duration: 0.123 ms  statement: FETCH FORWARD 2000 FROM qgis_8
2022-01-18 12:12:57.768 EET [17104]: db=qgisdbtest,user=postgres,app=QGIS,client=::1 LOG:  duration: 0.146 ms  statement: CLOSE qgis_8;COMMIT
2022-01-18 12:12:57.889 EET [17104]: db=qgisdbtest,user=postgres,app=QGIS,client=::1 LOG:  duration: 0.459 ms  statement: BEGIN READ ONLY;DECLARE qgis_9 BINARY CURSOR FOR SELECT st_asbinary("geom",'NDR'),"id","parcel_type_id"::text FROM "qgisdbtest"."land_parcel" WHERE "geom" && st_makeenvelope(-2955075.40862311329692602,-8189768.9753736350685358,-2949771.58919844683259726,-8186267.46175778284668922,3857)
2022-01-18 12:12:57.891 EET [17104]: db=qgisdbtest,user=postgres,app=QGIS,client=::1 LOG:  duration: 0.135 ms  statement: FETCH FORWARD 2000 FROM qgis_9
2022-01-18 12:12:57.893 EET [17104]: db=qgisdbtest,user=postgres,app=QGIS,client=::1 LOG:  duration: 0.103 ms  statement: CLOSE qgis_9;COMMIT
2022-01-18 12:12:57.896 EET [17104]: db=qgisdbtest,user=postgres,app=QGIS,client=::1 LOG:  duration: 0.368 ms  statement: BEGIN READ ONLY;DECLARE qgis_10 BINARY CURSOR FOR SELECT st_asbinary("geom",'NDR'),"id","building_type_id"::text FROM "qgisdbtest"."building" WHERE "geom" && st_makeenvelope(-2955075.40862311329692602,-8189768.9753736350685358,-2949771.58919844683259726,-8186267.46175778284668922,3857)
2022-01-18 12:12:57.897 EET [17104]: db=qgisdbtest,user=postgres,app=QGIS,client=::1 LOG:  duration: 0.054 ms  statement: FETCH FORWARD 2000 FROM qgis_10
2022-01-18 12:12:57.898 EET [17104]: db=qgisdbtest,user=postgres,app=QGIS,client=::1 LOG:  duration: 0.096 ms  statement: CLOSE qgis_10;COMMIT
2022-01-18 12:12:58.019 EET [17104]: db=qgisdbtest,user=postgres,app=QGIS,client=::1 LOG:  duration: 0.383 ms  statement: BEGIN READ ONLY;DECLARE qgis_11 BINARY CURSOR FOR SELECT st_asbinary("geom",'NDR'),"id","parcel_type_id"::text FROM "qgisdbtest"."land_parcel" WHERE "geom" && st_makeenvelope(-2944467.76977378036826849,-8189768.9753736350685358,-2939163.95034911390393972,-8186267.46175778284668922,3857)
2022-01-18 12:12:58.021 EET [17104]: db=qgisdbtest,user=postgres,app=QGIS,client=::1 LOG:  duration: 0.151 ms  statement: FETCH FORWARD 2000 FROM qgis_11
2022-01-18 12:12:58.023 EET [17104]: db=qgisdbtest,user=postgres,app=QGIS,client=::1 LOG:  duration: 0.053 ms  statement: CLOSE qgis_11;COMMIT
2022-01-18 12:12:58.026 EET [17104]: db=qgisdbtest,user=postgres,app=QGIS,client=::1 LOG:  duration: 0.322 ms  statement: BEGIN READ ONLY;DECLARE qgis_12 BINARY CURSOR FOR SELECT st_asbinary("geom",'NDR'),"id","building_type_id"::text FROM "qgisdbtest"."building" WHERE "geom" && st_makeenvelope(-2944467.76977378036826849,-8189768.9753736350685358,-2939163.95034911390393972,-8186267.46175778284668922,3857)
2022-01-18 12:12:58.028 EET [17104]: db=qgisdbtest,user=postgres,app=QGIS,client=::1 LOG:  duration: 0.090 ms  statement: FETCH FORWARD 2000 FROM qgis_12
2022-01-18 12:12:58.029 EET [17104]: db=qgisdbtest,user=postgres,app=QGIS,client=::1 LOG:  duration: 0.091 ms  statement: CLOSE qgis_12;COMMIT
2022-01-18 12:12:58.152 EET [17104]: db=qgisdbtest,user=postgres,app=QGIS,client=::1 LOG:  duration: 0.467 ms  statement: BEGIN READ ONLY;DECLARE qgis_13 BINARY CURSOR FOR SELECT st_asbinary("geom",'NDR'),"id","parcel_type_id"::text FROM "qgisdbtest"."land_parcel" WHERE "geom" && st_makeenvelope(-2955075.40862311329692602,-8193270.48898948729038239,-2949771.58919844683259726,-8189768.9753736350685358,3857)
2022-01-18 12:12:58.153 EET [17104]: db=qgisdbtest,user=postgres,app=QGIS,client=::1 LOG:  duration: 0.121 ms  statement: FETCH FORWARD 2000 FROM qgis_13
2022-01-18 12:12:58.155 EET [17104]: db=qgisdbtest,user=postgres,app=QGIS,client=::1 LOG:  duration: 0.089 ms  statement: CLOSE qgis_13;COMMIT
2022-01-18 12:12:58.160 EET [17104]: db=qgisdbtest,user=postgres,app=QGIS,client=::1 LOG:  duration: 0.531 ms  statement: BEGIN READ ONLY;DECLARE qgis_14 BINARY CURSOR FOR SELECT st_asbinary("geom",'NDR'),"id","building_type_id"::text FROM "qgisdbtest"."building" WHERE "geom" && st_makeenvelope(-2955075.40862311329692602,-8193270.48898948729038239,-2949771.58919844683259726,-8189768.9753736350685358,3857)
2022-01-18 12:12:58.161 EET [17104]: db=qgisdbtest,user=postgres,app=QGIS,client=::1 LOG:  duration: 0.137 ms  statement: FETCH FORWARD 2000 FROM qgis_14
2022-01-18 12:12:58.163 EET [17104]: db=qgisdbtest,user=postgres,app=QGIS,client=::1 LOG:  duration: 0.112 ms  statement: CLOSE qgis_14;COMMIT
2022-01-18 12:12:58.303 EET [17104]: db=qgisdbtest,user=postgres,app=QGIS,client=::1 LOG:  duration: 0.496 ms  statement: BEGIN READ ONLY;DECLARE qgis_15 BINARY CURSOR FOR SELECT st_asbinary("geom",'NDR'),"id","parcel_type_id"::text FROM "qgisdbtest"."land_parcel" WHERE "geom" && st_makeenvelope(-2949771.58919844683259726,-8193270.48898948729038239,-2944467.76977378036826849,-8189768.9753736350685358,3857)
2022-01-18 12:12:58.304 EET [17104]: db=qgisdbtest,user=postgres,app=QGIS,client=::1 LOG:  duration: 0.137 ms  statement: FETCH FORWARD 2000 FROM qgis_15
2022-01-18 12:12:58.306 EET [17104]: db=qgisdbtest,user=postgres,app=QGIS,client=::1 LOG:  duration: 0.078 ms  statement: CLOSE qgis_15;COMMIT
2022-01-18 12:12:58.310 EET [17104]: db=qgisdbtest,user=postgres,app=QGIS,client=::1 LOG:  duration: 0.241 ms  statement: BEGIN READ ONLY;DECLARE qgis_16 BINARY CURSOR FOR SELECT st_asbinary("geom",'NDR'),"id","building_type_id"::text FROM "qgisdbtest"."building" WHERE "geom" && st_makeenvelope(-2949771.58919844683259726,-8193270.48898948729038239,-2944467.76977378036826849,-8189768.9753736350685358,3857)
2022-01-18 12:12:58.311 EET [17104]: db=qgisdbtest,user=postgres,app=QGIS,client=::1 LOG:  duration: 0.066 ms  statement: FETCH FORWARD 2000 FROM qgis_16
2022-01-18 12:12:58.313 EET [17104]: db=qgisdbtest,user=postgres,app=QGIS,client=::1 LOG:  duration: 0.066 ms  statement: CLOSE qgis_16;COMMIT
2022-01-18 12:12:58.427 EET [17104]: db=qgisdbtest,user=postgres,app=QGIS,client=::1 LOG:  duration: 0.493 ms  statement: BEGIN READ ONLY;DECLARE qgis_17 BINARY CURSOR FOR SELECT st_asbinary("geom",'NDR'),"id","parcel_type_id"::text FROM "qgisdbtest"."land_parcel" WHERE "geom" && st_makeenvelope(-2944467.76977378036826849,-8193270.48898948729038239,-2939163.95034911390393972,-8189768.9753736350685358,3857)
2022-01-18 12:12:58.428 EET [17104]: db=qgisdbtest,user=postgres,app=QGIS,client=::1 LOG:  duration: 0.142 ms  statement: FETCH FORWARD 2000 FROM qgis_17
2022-01-18 12:12:58.430 EET [17104]: db=qgisdbtest,user=postgres,app=QGIS,client=::1 LOG:  duration: 0.112 ms  statement: CLOSE qgis_17;COMMIT
2022-01-18 12:12:58.434 EET [17104]: db=qgisdbtest,user=postgres,app=QGIS,client=::1 LOG:  duration: 0.408 ms  statement: BEGIN READ ONLY;DECLARE qgis_18 BINARY CURSOR FOR SELECT st_asbinary("geom",'NDR'),"id","building_type_id"::text FROM "qgisdbtest"."building" WHERE "geom" && st_makeenvelope(-2944467.76977378036826849,-8193270.48898948729038239,-2939163.95034911390393972,-8189768.9753736350685358,3857)
2022-01-18 12:12:58.435 EET [17104]: db=qgisdbtest,user=postgres,app=QGIS,client=::1 LOG:  duration: 0.107 ms  statement: FETCH FORWARD 2000 FROM qgis_18
2022-01-18 12:12:58.437 EET [17104]: db=qgisdbtest,user=postgres,app=QGIS,client=::1 LOG:  duration: 0.108 ms  statement: CLOSE qgis_18;COMMIT
